2025-05-01 16:16:57,070 - INFO - Starting task ID 10 for application 1176978325
2025-05-01 16:17:07,043 - INFO - 1176978325 24-03-2007 LMV,MCWG 10-12-2005 SAM NO TRUE 1
2025-05-01 16:17:07,043 - INFO - 
2025-05-01 16:17:07,044 - INFO - Time reached: Starting the code...
2025-05-01 16:17:07,044 - INFO - 
2025-05-01 16:17:07,050 - INFO - 
2025-05-01 16:17:07,051 - INFO - Selected Proxy: {}
2025-05-01 16:17:07,052 - INFO - {}
2025-05-01 16:17:07,052 - INFO - start
2025-05-01 16:17:07,054 - INFO - [WinError 183] Cannot create a file when that file already exists: '01-05-2025/SAM/LMV,MCWG/'
2025-05-01 16:17:07,054 - INFO - start
2025-05-01 16:17:07,589 - INFO - making request to createTask
2025-05-01 16:17:08,418 - INFO - created task with id 359263754
2025-05-01 16:17:09,430 - INFO - making request to getTaskResult
2025-05-01 16:17:14,711 - INFO - task is still processing
2025-05-01 16:17:15,717 - INFO - making request to getTaskResult
2025-05-01 16:17:16,000 - INFO - task solved
2025-05-01 16:17:16,001 - INFO - captcha text wMGq0B
2025-05-01 16:17:16,001 - INFO - wMGq0B
2025-05-01 16:17:16,776 - INFO - Captcha success
2025-05-01 16:17:27,430 - INFO - 
2025-05-01 16:17:27,430 - INFO - Selected Date is Past Date.
2025-05-01 16:17:27,431 - INFO - 
2025-05-01 16:17:27,431 - INFO - 
2025-05-01 16:17:27,431 - INFO - Session is Expired
2025-05-01 16:17:27,431 - INFO - 
2025-05-01 16:17:38,222 - INFO - 
2025-05-01 16:17:38,222 - INFO - Selected Date is Past Date.
2025-05-01 16:17:38,223 - INFO - 
2025-05-01 16:17:38,223 - INFO - 
2025-05-01 16:17:38,223 - INFO - Session is Expired
2025-05-01 16:17:38,223 - INFO - 
2025-05-01 16:17:54,737 - INFO - 
2025-05-01 16:17:54,737 - INFO - Selected Date is Past Date.
2025-05-01 16:17:54,737 - INFO - 
2025-05-01 16:17:54,737 - INFO - 
2025-05-01 16:17:54,738 - INFO - Session is Expired
2025-05-01 16:17:54,738 - INFO - 
2025-05-01 16:18:08,461 - INFO - 
2025-05-01 16:18:08,461 - INFO - Selected Date is Past Date.
2025-05-01 16:18:08,462 - INFO - 
2025-05-01 16:18:08,462 - INFO - 
2025-05-01 16:18:08,462 - INFO - Session is Expired
2025-05-01 16:18:08,462 - INFO - 
2025-05-01 16:18:12,780 - ERROR - Traceback (most recent call last):
2025-05-01 16:18:12,781 - ERROR - File "C:\Users\User\Downloads\DLPROJ\game.py", line 158, in <module>
2025-05-01 16:18:12,781 - ERROR - os.makedirs(PDF_FOLD)
2025-05-01 16:18:12,781 - ERROR - File "C:\Program Files\WindowsApps\PythonSoftwareFoundation.Python.3.10_3.10.3056.0_x64__qbz5n2kfra8p0\lib\os.py", line 225, in makedirs
2025-05-01 16:18:12,781 - ERROR - mkdir(name, mode)
2025-05-01 16:18:12,781 - ERROR - FileExistsError: [WinError 183] Cannot create a file when that file already exists: '01-05-2025/SAM/LMV,MCWG/'
2025-05-01 16:18:12,793 - INFO - Task ID 10 status updated to Failed
