2025-05-01 16:16:57,043 - INFO - Starting task ID 11 for application 1340117725
2025-05-01 16:17:07,042 - INFO - 1340117725 22-09-2006 LMV,MCWG 10-12-2005 SAM NO TRUE 1
2025-05-01 16:17:07,043 - INFO - 
2025-05-01 16:17:07,044 - INFO - Time reached: Starting the code...
2025-05-01 16:17:07,044 - INFO - 
2025-05-01 16:17:07,050 - INFO - 
2025-05-01 16:17:07,050 - INFO - Selected Proxy: {}
2025-05-01 16:17:07,050 - INFO - {}
2025-05-01 16:17:07,050 - INFO - start
2025-05-01 16:17:07,054 - INFO - [WinError 183] Cannot create a file when that file already exists: '01-05-2025/SAM/LMV,MCWG/'
2025-05-01 16:17:07,055 - INFO - start
2025-05-01 16:17:07,598 - INFO - making request to createTask
2025-05-01 16:17:08,478 - INFO - created task with id 807509558
2025-05-01 16:17:09,491 - INFO - making request to getTaskResult
2025-05-01 16:17:14,795 - INFO - task is still processing
2025-05-01 16:17:15,796 - INFO - making request to getTaskResult
2025-05-01 16:17:21,097 - INFO - task is still processing
2025-05-01 16:17:22,099 - INFO - making request to getTaskResult
2025-05-01 16:17:22,395 - INFO - task solved
2025-05-01 16:17:22,395 - INFO - captcha text vOvAQA
2025-05-01 16:17:22,395 - INFO - vOvAQA
2025-05-01 16:17:23,114 - INFO - Captcha success
2025-05-01 16:17:39,434 - INFO - 
2025-05-01 16:17:39,435 - INFO - Selected Date is Past Date.
2025-05-01 16:17:39,436 - INFO - 
2025-05-01 16:17:39,436 - INFO - 
2025-05-01 16:17:39,436 - INFO - Session is Expired
2025-05-01 16:17:39,437 - INFO - 
2025-05-01 16:17:56,081 - INFO - 
2025-05-01 16:17:56,081 - INFO - Selected Date is Past Date.
2025-05-01 16:17:56,081 - INFO - 
2025-05-01 16:17:56,082 - INFO - 
2025-05-01 16:17:56,082 - INFO - Session is Expired
2025-05-01 16:17:56,082 - INFO - 
2025-05-01 16:18:12,820 - INFO - 
2025-05-01 16:18:12,821 - INFO - Selected Date is Past Date.
2025-05-01 16:18:12,821 - INFO - 
2025-05-01 16:18:12,823 - INFO - 
2025-05-01 16:18:12,823 - INFO - Session is Expired
2025-05-01 16:18:12,823 - INFO - 
2025-05-01 16:18:16,040 - ERROR - Traceback (most recent call last):
2025-05-01 16:18:16,040 - ERROR - File "C:\Users\User\Downloads\DLPROJ\game.py", line 158, in <module>
2025-05-01 16:18:16,040 - ERROR - os.makedirs(PDF_FOLD)
2025-05-01 16:18:16,040 - ERROR - File "C:\Program Files\WindowsApps\PythonSoftwareFoundation.Python.3.10_3.10.3056.0_x64__qbz5n2kfra8p0\lib\os.py", line 225, in makedirs
2025-05-01 16:18:16,040 - ERROR - mkdir(name, mode)
2025-05-01 16:18:16,040 - ERROR - FileExistsError: [WinError 183] Cannot create a file when that file already exists: '01-05-2025/SAM/LMV,MCWG/'
2025-05-01 16:18:16,057 - INFO - Task ID 11 status updated to Failed
