2025-05-01 16:16:57,129 - INFO - Starting task ID 14 for application 1764239724
2025-05-01 16:17:07,043 - INFO - 1764239724 15-07-1989 LMV,MCWG 10-12-2005 SAM NO TRUE 1
2025-05-01 16:17:07,043 - INFO - 
2025-05-01 16:17:07,043 - INFO - Time reached: Starting the code...
2025-05-01 16:17:07,044 - INFO - 
2025-05-01 16:17:07,049 - INFO - 
2025-05-01 16:17:07,050 - INFO - Selected Proxy: {}
2025-05-01 16:17:07,051 - INFO - {}
2025-05-01 16:17:07,051 - INFO - start
2025-05-01 16:17:07,603 - INFO - making request to createTask
2025-05-01 16:17:08,441 - INFO - created task with id 639191470
2025-05-01 16:17:09,445 - INFO - making request to getTaskResult
2025-05-01 16:17:14,724 - INFO - task is still processing
2025-05-01 16:17:15,733 - INFO - making request to getTaskResult
2025-05-01 16:17:16,013 - INFO - task solved
2025-05-01 16:17:16,013 - INFO - captcha text UZjgjb
2025-05-01 16:17:16,013 - INFO - UZjgjb
2025-05-01 16:17:16,777 - INFO - Captcha success
2025-05-01 16:17:28,503 - INFO - 
2025-05-01 16:17:28,503 - INFO - Selected Date is Past Date.
2025-05-01 16:17:28,503 - INFO - 
2025-05-01 16:17:28,503 - INFO - 
2025-05-01 16:17:28,503 - INFO - Session is Expired
2025-05-01 16:17:28,503 - INFO - 
2025-05-01 16:17:45,488 - INFO - 
2025-05-01 16:17:45,488 - INFO - Selected Date is Past Date.
2025-05-01 16:17:45,488 - INFO - 
2025-05-01 16:17:45,489 - INFO - 
2025-05-01 16:17:45,489 - INFO - Session is Expired
2025-05-01 16:17:45,489 - INFO - 
2025-05-01 16:17:54,276 - INFO - Task ID 14 status updated to Failed
