2025-05-05 14:29:54,541 - INFO - Starting task ID 3 for application 1054881225
2025-05-05 14:30:05,402 - INFO - 1054881225 18-06-1996 LMV 05-05-2025 NATIONAL NO TRUE 1
2025-05-05 14:30:05,405 - INFO - 
2025-05-05 14:30:05,405 - INFO - Time reached: Starting the code...
2025-05-05 14:30:05,406 - INFO - 
2025-05-05 14:30:05,406 - INFO - 
2025-05-05 14:30:05,406 - INFO - Selected Proxy: {}
2025-05-05 14:30:05,406 - INFO - {}
2025-05-05 14:30:05,406 - INFO - start
2025-05-05 14:30:06,718 - INFO - making request to createTask
2025-05-05 14:30:07,746 - INFO - created task with id 648628451
2025-05-05 14:30:08,751 - INFO - making request to getTaskResult
2025-05-05 14:30:14,120 - INFO - task is still processing
2025-05-05 14:30:15,128 - INFO - making request to getTaskResult
2025-05-05 14:30:15,448 - INFO - task solved
2025-05-05 14:30:15,448 - INFO - captcha text tYSxgY
2025-05-05 14:30:15,448 - INFO - tYSxgY
2025-05-05 14:30:16,362 - INFO - Captcha success
2025-05-05 14:30:16,362 - INFO - CAPTCHA_USED:1
2025-05-05 14:30:16,362 - INFO - Parsed captcha used: 1
2025-05-05 14:30:29,847 - INFO - 
2025-05-05 14:30:29,847 - INFO - Slots are allowed after 05-06-2025 only.
2025-05-05 14:30:29,847 - INFO - 
2025-05-05 14:30:29,847 - INFO - CAPTCHA_USED:1
2025-05-05 14:30:29,847 - INFO - Parsed captcha used: 1
2025-05-05 14:30:41,322 - INFO - 
2025-05-05 14:30:41,322 - INFO - Slots are allowed after 05-06-2025 only.
2025-05-05 14:30:41,322 - INFO - 
2025-05-05 14:30:41,322 - INFO - CAPTCHA_USED:1
2025-05-05 14:30:41,322 - INFO - Parsed captcha used: 1
2025-05-05 14:31:01,864 - INFO - 
2025-05-05 14:31:01,864 - INFO - Slots are allowed after 05-06-2025 only.
2025-05-05 14:31:01,864 - INFO - 
2025-05-05 14:31:01,864 - INFO - CAPTCHA_USED:1
2025-05-05 14:31:01,864 - INFO - Parsed captcha used: 1
2025-05-05 14:31:15,108 - INFO - 
2025-05-05 14:31:15,108 - INFO - Slots are allowed after 05-06-2025 only.
2025-05-05 14:31:15,108 - INFO - 
2025-05-05 14:31:15,109 - INFO - CAPTCHA_USED:1
2025-05-05 14:31:15,109 - INFO - Parsed captcha used: 1
2025-05-05 14:31:28,189 - INFO - 
2025-05-05 14:31:28,190 - INFO - Slots are allowed after 05-06-2025 only.
2025-05-05 14:31:28,190 - INFO - 
2025-05-05 14:31:28,190 - INFO - CAPTCHA_USED:1
2025-05-05 14:31:28,190 - INFO - Parsed captcha used: 1
2025-05-05 14:31:41,987 - INFO - 
2025-05-05 14:31:41,987 - INFO - Slots are allowed after 05-06-2025 only.
2025-05-05 14:31:41,987 - INFO - 
2025-05-05 14:31:41,987 - INFO - CAPTCHA_USED:1
2025-05-05 14:31:41,987 - INFO - Parsed captcha used: 1
