2025-05-05 14:32:50,485 - INFO - Starting task ID 4 for application 1054881225
2025-05-05 14:32:53,370 - INFO - 1054881225 18-06-1996 LMV 05-05-2025 NATIONAL NO TRUE 1
2025-05-05 14:32:53,372 - INFO - 
2025-05-05 14:32:53,372 - INFO - Time reached: Starting the code...
2025-05-05 14:32:53,373 - INFO - 
2025-05-05 14:32:53,373 - INFO - 
2025-05-05 14:32:53,373 - INFO - Selected Proxy: {}
2025-05-05 14:32:53,373 - INFO - {}
2025-05-05 14:32:53,373 - INFO - start
2025-05-05 14:32:54,934 - INFO - making request to createTask
2025-05-05 14:32:56,409 - INFO - created task with id 154712209
2025-05-05 14:32:57,410 - INFO - making request to getTaskResult
2025-05-05 14:33:02,784 - INFO - task is still processing
2025-05-05 14:33:03,786 - INFO - making request to getTaskResult
2025-05-05 14:33:09,316 - INFO - task is still processing
2025-05-05 14:33:10,327 - INFO - making request to getTaskResult
2025-05-05 14:33:10,898 - INFO - task solved
2025-05-05 14:33:10,898 - INFO - captcha text 54kjWB
2025-05-05 14:33:10,898 - INFO - 54kjWB
2025-05-05 14:33:12,199 - INFO - Captcha success
2025-05-05 14:33:12,200 - INFO - CAPTCHA_USED:1
2025-05-05 14:33:12,200 - INFO - Parsed captcha used: 1
2025-05-05 14:33:27,561 - INFO - 
2025-05-05 14:33:27,561 - INFO - Slots are allowed after 05-06-2025 only.
2025-05-05 14:33:27,561 - INFO - 
2025-05-05 14:33:27,561 - INFO - CAPTCHA_USED:1
2025-05-05 14:33:27,561 - INFO - Parsed captcha used: 1
2025-05-05 14:33:42,276 - INFO - 
2025-05-05 14:33:42,276 - INFO - Slots are allowed after 05-06-2025 only.
2025-05-05 14:33:42,276 - INFO - 
2025-05-05 14:33:42,276 - INFO - CAPTCHA_USED:1
2025-05-05 14:33:42,276 - INFO - Parsed captcha used: 1
2025-05-05 14:33:53,868 - INFO - 
2025-05-05 14:33:53,869 - INFO - Slots are allowed after 05-06-2025 only.
2025-05-05 14:33:53,869 - INFO - 
2025-05-05 14:33:53,869 - INFO - CAPTCHA_USED:1
2025-05-05 14:33:53,869 - INFO - Parsed captcha used: 1
2025-05-05 14:34:09,884 - INFO - 
2025-05-05 14:34:09,884 - INFO - Slots are allowed after 05-06-2025 only.
2025-05-05 14:34:09,885 - INFO - 
2025-05-05 14:34:09,885 - INFO - CAPTCHA_USED:1
2025-05-05 14:34:09,885 - INFO - Parsed captcha used: 1
2025-05-05 14:34:24,564 - INFO - 
2025-05-05 14:34:24,564 - INFO - Slots are allowed after 05-06-2025 only.
2025-05-05 14:34:24,564 - INFO - 
2025-05-05 14:34:24,564 - INFO - CAPTCHA_USED:1
2025-05-05 14:34:24,564 - INFO - Parsed captcha used: 1
2025-05-05 14:34:40,797 - INFO - 
2025-05-05 14:34:40,798 - INFO - Slots are allowed after 05-06-2025 only.
2025-05-05 14:34:40,798 - INFO - 
2025-05-05 14:34:40,798 - INFO - CAPTCHA_USED:1
2025-05-05 14:34:40,798 - INFO - Parsed captcha used: 1
2025-05-05 14:34:52,617 - INFO - 
2025-05-05 14:34:52,617 - INFO - Slots are allowed after 05-06-2025 only.
2025-05-05 14:34:52,617 - INFO - 
2025-05-05 14:34:52,617 - INFO - CAPTCHA_USED:1
2025-05-05 14:34:52,617 - INFO - Parsed captcha used: 1
