2025-05-05 15:56:34,414 - INFO - Starting task ID 5 for application 547656925
2025-05-05 15:56:37,068 - INFO - 547656925 23-11-1996 MCWG,LMV 01-06-2025 30-06-2025
2025-05-05 15:56:37,068 - INFO - []
2025-05-05 15:56:37,068 - INFO - Current time in IST: 2025-05-05 15:56:37
2025-05-05 15:56:37,070 - INFO - 2025-05-05 15:56:37.068988+05:30
2025-05-05 15:56:37,070 - INFO - start
2025-05-05 15:56:37,070 - INFO - 15 56
2025-05-05 15:56:40,301 - INFO - Empty DataFrame
2025-05-05 15:56:40,301 - INFO - Columns: [DATE, DAY, SLOT1 (08.00-08.10), SLOT2 (08.11-08.20), SLOT3 (08.21-08.30), SLOT4 (08.31-08.40)]
2025-05-05 15:56:40,303 - INFO - Index: []
2025-05-05 15:56:40,303 - INFO - Current time in IST: 2025-05-05 15:56:40
2025-05-05 15:56:40,303 - INFO - 2025-05-05 15:56:40.301196+05:30
2025-05-05 15:56:40,303 - INFO - start
2025-05-05 15:56:40,303 - INFO - 15 56
2025-05-05 15:56:43,461 - INFO - Empty DataFrame
2025-05-05 15:56:43,462 - INFO - Columns: [DATE, DAY, SLOT1 (08.00-08.10), SLOT2 (08.11-08.20), SLOT3 (08.21-08.30), SLOT4 (08.31-08.40)]
2025-05-05 15:56:43,462 - INFO - Index: []
2025-05-05 15:56:43,462 - INFO - Current time in IST: 2025-05-05 15:56:43
2025-05-05 15:56:43,462 - INFO - 2025-05-05 15:56:43.461941+05:30
2025-05-05 15:56:43,462 - INFO - start
2025-05-05 15:56:43,462 - INFO - 15 56
2025-05-05 15:56:46,218 - INFO - Empty DataFrame
2025-05-05 15:56:46,218 - INFO - Columns: [DATE, DAY, SLOT1 (08.00-08.10), SLOT2 (08.11-08.20), SLOT3 (08.21-08.30), SLOT4 (08.31-08.40)]
2025-05-05 15:56:46,218 - INFO - Index: []
2025-05-05 15:56:46,218 - INFO - Current time in IST: 2025-05-05 15:56:46
2025-05-05 15:56:46,218 - INFO - 2025-05-05 15:56:46.218546+05:30
2025-05-05 15:56:46,218 - INFO - start
2025-05-05 15:56:46,218 - INFO - 15 56
2025-05-05 15:56:48,853 - INFO - Empty DataFrame
2025-05-05 15:56:48,853 - INFO - Columns: [DATE, DAY, SLOT1 (08.00-08.10), SLOT2 (08.11-08.20), SLOT3 (08.21-08.30), SLOT4 (08.31-08.40)]
2025-05-05 15:56:48,853 - INFO - Index: []
2025-05-05 15:56:48,853 - INFO - Current time in IST: 2025-05-05 15:56:48
2025-05-05 15:56:48,853 - INFO - 2025-05-05 15:56:48.853546+05:30
2025-05-05 15:56:48,853 - INFO - start
2025-05-05 15:56:48,853 - INFO - 15 56
2025-05-05 15:56:51,562 - INFO - Empty DataFrame
2025-05-05 15:56:51,562 - INFO - Columns: [DATE, DAY, SLOT1 (08.00-08.10), SLOT2 (08.11-08.20), SLOT3 (08.21-08.30), SLOT4 (08.31-08.40)]
2025-05-05 15:56:51,563 - INFO - Index: []
2025-05-05 15:56:51,563 - INFO - Current time in IST: 2025-05-05 15:56:51
2025-05-05 15:56:51,563 - INFO - 2025-05-05 15:56:51.562372+05:30
2025-05-05 15:56:51,563 - INFO - start
2025-05-05 15:56:51,563 - INFO - 15 56
2025-05-05 15:56:54,299 - INFO - Empty DataFrame
2025-05-05 15:56:54,299 - INFO - Columns: [DATE, DAY, SLOT1 (08.00-08.10), SLOT2 (08.11-08.20), SLOT3 (08.21-08.30), SLOT4 (08.31-08.40)]
2025-05-05 15:56:54,299 - INFO - Index: []
2025-05-05 15:56:54,299 - INFO - Current time in IST: 2025-05-05 15:56:54
2025-05-05 15:56:54,299 - INFO - 2025-05-05 15:56:54.299661+05:30
2025-05-05 15:56:54,299 - INFO - start
2025-05-05 15:56:54,299 - INFO - 15 56
2025-05-05 15:56:57,025 - INFO - Empty DataFrame
2025-05-05 15:56:57,025 - INFO - Columns: [DATE, DAY, SLOT1 (08.00-08.10), SLOT2 (08.11-08.20), SLOT3 (08.21-08.30), SLOT4 (08.31-08.40)]
2025-05-05 15:56:57,025 - INFO - Index: []
2025-05-05 15:56:57,025 - INFO - Current time in IST: 2025-05-05 15:56:57
2025-05-05 15:56:57,025 - INFO - 2025-05-05 15:56:57.025897+05:30
2025-05-05 15:56:57,025 - INFO - start
2025-05-05 15:56:57,025 - INFO - 15 56
2025-05-05 15:56:58,978 - INFO - Task ID 5 status updated to Failed
