2025-05-05 16:01:23,447 - INFO - Starting task ID 7 for application 547656925
2025-05-05 16:01:25,599 - INFO - APPLNO: 547656925, DOB: 23-11-1996, TYPE: MCWG,LMV
2025-05-05 16:01:25,599 - INFO - MINDATE: 30-06-2025, MAXDATE: 01-06-2025
2025-05-05 16:01:25,600 - INFO - Generated 30 dates:
2025-05-05 16:01:25,600 - INFO - ['01-06-2025', '02-06-2025', '03-06-2025', '04-06-2025', '05-06-2025', '06-06-2025', '07-06-2025', '08-06-2025', '09-06-2025', '10-06-2025', '11-06-2025', '12-06-2025', '13-06-2025', '14-06-2025', '15-06-2025', '16-06-2025', '17-06-2025', '18-06-2025', '19-06-2025', '20-06-2025', '21-06-2025', '22-06-2025', '23-06-2025', '24-06-2025', '25-06-2025', '26-06-2025', '27-06-2025', '28-06-2025', '29-06-2025', '30-06-2025']
2025-05-05 16:01:25,602 - INFO - Current time in IST: 2025-05-05 16:01:25
2025-05-05 16:01:25,602 - INFO - 2025-05-05 16:01:25.600538+05:30
2025-05-05 16:01:25,602 - INFO - start
2025-05-05 16:01:25,602 - INFO - 16 1
2025-05-05 16:01:28,940 - INFO - Empty DataFrame
2025-05-05 16:01:28,940 - INFO - Columns: [DATE, DAY, SLOT1 (08.00-08.10), SLOT2 (08.11-08.20), SLOT3 (08.21-08.30), SLOT4 (08.31-08.40)]
2025-05-05 16:01:28,940 - INFO - Index: []
2025-05-05 16:01:28,940 - INFO - Current time in IST: 2025-05-05 16:01:28
2025-05-05 16:01:28,940 - INFO - 2025-05-05 16:01:28.940590+05:30
2025-05-05 16:01:28,940 - INFO - start
2025-05-05 16:01:28,940 - INFO - 16 1
2025-05-05 16:01:31,693 - INFO - Empty DataFrame
2025-05-05 16:01:31,693 - INFO - Columns: [DATE, DAY, SLOT1 (08.00-08.10), SLOT2 (08.11-08.20), SLOT3 (08.21-08.30), SLOT4 (08.31-08.40)]
2025-05-05 16:01:31,693 - INFO - Index: []
2025-05-05 16:01:31,693 - INFO - Current time in IST: 2025-05-05 16:01:31
2025-05-05 16:01:31,693 - INFO - 2025-05-05 16:01:31.693595+05:30
2025-05-05 16:01:31,694 - INFO - start
2025-05-05 16:01:31,694 - INFO - 16 1
2025-05-05 16:01:34,364 - INFO - Empty DataFrame
2025-05-05 16:01:34,364 - INFO - Columns: [DATE, DAY, SLOT1 (08.00-08.10), SLOT2 (08.11-08.20), SLOT3 (08.21-08.30), SLOT4 (08.31-08.40)]
2025-05-05 16:01:34,364 - INFO - Index: []
2025-05-05 16:01:34,364 - INFO - Current time in IST: 2025-05-05 16:01:34
2025-05-05 16:01:34,364 - INFO - 2025-05-05 16:01:34.364789+05:30
2025-05-05 16:01:34,364 - INFO - start
2025-05-05 16:01:34,364 - INFO - 16 1
2025-05-05 16:01:37,134 - INFO - Empty DataFrame
2025-05-05 16:01:37,134 - INFO - Columns: [DATE, DAY, SLOT1 (08.00-08.10), SLOT2 (08.11-08.20), SLOT3 (08.21-08.30), SLOT4 (08.31-08.40)]
2025-05-05 16:01:37,134 - INFO - Index: []
2025-05-05 16:01:37,134 - INFO - Current time in IST: 2025-05-05 16:01:37
2025-05-05 16:01:37,134 - INFO - 2025-05-05 16:01:37.134467+05:30
2025-05-05 16:01:37,134 - INFO - start
2025-05-05 16:01:37,135 - INFO - 16 1
2025-05-05 16:01:39,810 - INFO - Empty DataFrame
2025-05-05 16:01:39,810 - INFO - Columns: [DATE, DAY, SLOT1 (08.00-08.10), SLOT2 (08.11-08.20), SLOT3 (08.21-08.30), SLOT4 (08.31-08.40)]
2025-05-05 16:01:39,810 - INFO - Index: []
2025-05-05 16:01:39,810 - INFO - Current time in IST: 2025-05-05 16:01:39
2025-05-05 16:01:39,810 - INFO - 2025-05-05 16:01:39.810608+05:30
2025-05-05 16:01:39,810 - INFO - start
2025-05-05 16:01:39,810 - INFO - 16 1
2025-05-05 16:01:42,480 - INFO - Empty DataFrame
2025-05-05 16:01:42,481 - INFO - Columns: [DATE, DAY, SLOT1 (08.00-08.10), SLOT2 (08.11-08.20), SLOT3 (08.21-08.30), SLOT4 (08.31-08.40)]
2025-05-05 16:01:42,481 - INFO - Index: []
2025-05-05 16:01:42,481 - INFO - Current time in IST: 2025-05-05 16:01:42
2025-05-05 16:01:42,481 - INFO - 2025-05-05 16:01:42.481461+05:30
2025-05-05 16:01:42,481 - INFO - start
2025-05-05 16:01:42,481 - INFO - 16 1
2025-05-05 16:01:45,282 - INFO - Empty DataFrame
2025-05-05 16:01:45,282 - INFO - Columns: [DATE, DAY, SLOT1 (08.00-08.10), SLOT2 (08.11-08.20), SLOT3 (08.21-08.30), SLOT4 (08.31-08.40)]
2025-05-05 16:01:45,282 - INFO - Index: []
2025-05-05 16:01:45,282 - INFO - Current time in IST: 2025-05-05 16:01:45
2025-05-05 16:01:45,282 - INFO - 2025-05-05 16:01:45.282351+05:30
2025-05-05 16:01:45,282 - INFO - start
2025-05-05 16:01:45,282 - INFO - 16 1
2025-05-05 16:01:48,072 - INFO - Empty DataFrame
2025-05-05 16:01:48,072 - INFO - Columns: [DATE, DAY, SLOT1 (08.00-08.10), SLOT2 (08.11-08.20), SLOT3 (08.21-08.30), SLOT4 (08.31-08.40)]
2025-05-05 16:01:48,072 - INFO - Index: []
2025-05-05 16:01:48,072 - INFO - Current time in IST: 2025-05-05 16:01:48
2025-05-05 16:01:48,073 - INFO - 2025-05-05 16:01:48.072498+05:30
2025-05-05 16:01:48,073 - INFO - start
2025-05-05 16:01:48,073 - INFO - 16 1
2025-05-05 16:01:50,728 - INFO - Empty DataFrame
2025-05-05 16:01:50,728 - INFO - Columns: [DATE, DAY, SLOT1 (08.00-08.10), SLOT2 (08.11-08.20), SLOT3 (08.21-08.30), SLOT4 (08.31-08.40)]
2025-05-05 16:01:50,728 - INFO - Index: []
2025-05-05 16:01:50,728 - INFO - Current time in IST: 2025-05-05 16:01:50
2025-05-05 16:01:50,728 - INFO - 2025-05-05 16:01:50.728027+05:30
2025-05-05 16:01:50,728 - INFO - start
2025-05-05 16:01:50,728 - INFO - 16 1
2025-05-05 16:01:53,412 - INFO - Empty DataFrame
2025-05-05 16:01:53,412 - INFO - Columns: [DATE, DAY, SLOT1 (08.00-08.10), SLOT2 (08.11-08.20), SLOT3 (08.21-08.30), SLOT4 (08.31-08.40)]
2025-05-05 16:01:53,412 - INFO - Index: []
2025-05-05 16:01:53,412 - INFO - Current time in IST: 2025-05-05 16:01:53
2025-05-05 16:01:53,412 - INFO - 2025-05-05 16:01:53.412825+05:30
2025-05-05 16:01:53,412 - INFO - start
2025-05-05 16:01:53,413 - INFO - 16 1
2025-05-05 16:01:56,283 - INFO - Empty DataFrame
2025-05-05 16:01:56,283 - INFO - Columns: [DATE, DAY, SLOT1 (08.00-08.10), SLOT2 (08.11-08.20), SLOT3 (08.21-08.30), SLOT4 (08.31-08.40)]
2025-05-05 16:01:56,284 - INFO - Index: []
2025-05-05 16:01:56,284 - INFO - Current time in IST: 2025-05-05 16:01:56
2025-05-05 16:01:56,284 - INFO - 2025-05-05 16:01:56.283826+05:30
2025-05-05 16:01:56,284 - INFO - start
2025-05-05 16:01:56,284 - INFO - 16 1
2025-05-05 16:01:59,044 - INFO - Empty DataFrame
2025-05-05 16:01:59,044 - INFO - Columns: [DATE, DAY, SLOT1 (08.00-08.10), SLOT2 (08.11-08.20), SLOT3 (08.21-08.30), SLOT4 (08.31-08.40)]
2025-05-05 16:01:59,044 - INFO - Index: []
2025-05-05 16:01:59,044 - INFO - Current time in IST: 2025-05-05 16:01:59
2025-05-05 16:01:59,044 - INFO - 2025-05-05 16:01:59.044569+05:30
2025-05-05 16:01:59,044 - INFO - start
2025-05-05 16:01:59,044 - INFO - 16 1
2025-05-05 16:02:01,808 - INFO - Empty DataFrame
2025-05-05 16:02:01,808 - INFO - Columns: [DATE, DAY, SLOT1 (08.00-08.10), SLOT2 (08.11-08.20), SLOT3 (08.21-08.30), SLOT4 (08.31-08.40)]
2025-05-05 16:02:01,808 - INFO - Index: []
2025-05-05 16:02:01,808 - INFO - Current time in IST: 2025-05-05 16:02:01
2025-05-05 16:02:01,808 - INFO - 2025-05-05 16:02:01.808779+05:30
2025-05-05 16:02:01,809 - INFO - start
2025-05-05 16:02:01,809 - INFO - 16 2
2025-05-05 16:02:04,442 - INFO - Empty DataFrame
2025-05-05 16:02:04,442 - INFO - Columns: [DATE, DAY, SLOT1 (08.00-08.10), SLOT2 (08.11-08.20), SLOT3 (08.21-08.30), SLOT4 (08.31-08.40)]
2025-05-05 16:02:04,442 - INFO - Index: []
2025-05-05 16:02:04,442 - INFO - Current time in IST: 2025-05-05 16:02:04
2025-05-05 16:02:04,442 - INFO - 2025-05-05 16:02:04.442285+05:30
2025-05-05 16:02:04,442 - INFO - start
2025-05-05 16:02:04,442 - INFO - 16 2
2025-05-05 16:02:08,561 - INFO - Empty DataFrame
2025-05-05 16:02:08,561 - INFO - Columns: [DATE, DAY, SLOT1 (08.00-08.10), SLOT2 (08.11-08.20), SLOT3 (08.21-08.30), SLOT4 (08.31-08.40)]
2025-05-05 16:02:08,561 - INFO - Index: []
2025-05-05 16:02:08,561 - INFO - Current time in IST: 2025-05-05 16:02:08
2025-05-05 16:02:08,561 - INFO - 2025-05-05 16:02:08.561512+05:30
2025-05-05 16:02:08,561 - INFO - start
2025-05-05 16:02:08,561 - INFO - 16 2
2025-05-05 16:02:12,429 - INFO - Empty DataFrame
2025-05-05 16:02:12,429 - INFO - Columns: [DATE, DAY, SLOT1 (08.00-08.10), SLOT2 (08.11-08.20), SLOT3 (08.21-08.30), SLOT4 (08.31-08.40)]
2025-05-05 16:02:12,429 - INFO - Index: []
2025-05-05 16:02:12,429 - INFO - Current time in IST: 2025-05-05 16:02:12
2025-05-05 16:02:12,429 - INFO - 2025-05-05 16:02:12.429636+05:30
2025-05-05 16:02:12,430 - INFO - start
2025-05-05 16:02:12,430 - INFO - 16 2
2025-05-05 16:02:15,294 - INFO - Empty DataFrame
2025-05-05 16:02:15,294 - INFO - Columns: [DATE, DAY, SLOT1 (08.00-08.10), SLOT2 (08.11-08.20), SLOT3 (08.21-08.30), SLOT4 (08.31-08.40)]
2025-05-05 16:02:15,294 - INFO - Index: []
2025-05-05 16:02:15,294 - INFO - Current time in IST: 2025-05-05 16:02:15
2025-05-05 16:02:15,294 - INFO - 2025-05-05 16:02:15.294831+05:30
2025-05-05 16:02:15,294 - INFO - start
2025-05-05 16:02:15,294 - INFO - 16 2
2025-05-05 16:02:17,855 - INFO - Empty DataFrame
2025-05-05 16:02:17,856 - INFO - Columns: [DATE, DAY, SLOT1 (08.00-08.10), SLOT2 (08.11-08.20), SLOT3 (08.21-08.30), SLOT4 (08.31-08.40)]
2025-05-05 16:02:17,856 - INFO - Index: []
2025-05-05 16:02:17,856 - INFO - Current time in IST: 2025-05-05 16:02:17
2025-05-05 16:02:17,856 - INFO - 2025-05-05 16:02:17.856865+05:30
2025-05-05 16:02:17,856 - INFO - start
2025-05-05 16:02:17,856 - INFO - 16 2
2025-05-05 16:02:20,730 - INFO - Empty DataFrame
2025-05-05 16:02:20,730 - INFO - Columns: [DATE, DAY, SLOT1 (08.00-08.10), SLOT2 (08.11-08.20), SLOT3 (08.21-08.30), SLOT4 (08.31-08.40)]
2025-05-05 16:02:20,730 - INFO - Index: []
2025-05-05 16:02:20,730 - INFO - Current time in IST: 2025-05-05 16:02:20
2025-05-05 16:02:20,730 - INFO - 2025-05-05 16:02:20.730312+05:30
2025-05-05 16:02:20,730 - INFO - start
2025-05-05 16:02:20,730 - INFO - 16 2
2025-05-05 16:02:23,489 - INFO - Empty DataFrame
2025-05-05 16:02:23,489 - INFO - Columns: [DATE, DAY, SLOT1 (08.00-08.10), SLOT2 (08.11-08.20), SLOT3 (08.21-08.30), SLOT4 (08.31-08.40)]
2025-05-05 16:02:23,489 - INFO - Index: []
2025-05-05 16:02:23,489 - INFO - Current time in IST: 2025-05-05 16:02:23
2025-05-05 16:02:23,489 - INFO - 2025-05-05 16:02:23.489524+05:30
2025-05-05 16:02:23,489 - INFO - start
2025-05-05 16:02:23,489 - INFO - 16 2
2025-05-05 16:02:26,509 - INFO - Empty DataFrame
2025-05-05 16:02:26,509 - INFO - Columns: [DATE, DAY, SLOT1 (08.00-08.10), SLOT2 (08.11-08.20), SLOT3 (08.21-08.30), SLOT4 (08.31-08.40)]
2025-05-05 16:02:26,509 - INFO - Index: []
2025-05-05 16:02:26,509 - INFO - Current time in IST: 2025-05-05 16:02:26
2025-05-05 16:02:26,509 - INFO - 2025-05-05 16:02:26.509554+05:30
2025-05-05 16:02:26,509 - INFO - start
2025-05-05 16:02:26,510 - INFO - 16 2
2025-05-05 16:02:30,172 - INFO - Empty DataFrame
2025-05-05 16:02:30,172 - INFO - Columns: [DATE, DAY, SLOT1 (08.00-08.10), SLOT2 (08.11-08.20), SLOT3 (08.21-08.30), SLOT4 (08.31-08.40)]
2025-05-05 16:02:30,172 - INFO - Index: []
2025-05-05 16:02:30,172 - INFO - Current time in IST: 2025-05-05 16:02:30
2025-05-05 16:02:30,172 - INFO - 2025-05-05 16:02:30.172550+05:30
2025-05-05 16:02:30,172 - INFO - start
2025-05-05 16:02:30,172 - INFO - 16 2
2025-05-05 16:02:33,051 - INFO - Empty DataFrame
2025-05-05 16:02:33,051 - INFO - Columns: [DATE, DAY, SLOT1 (08.00-08.10), SLOT2 (08.11-08.20), SLOT3 (08.21-08.30), SLOT4 (08.31-08.40)]
2025-05-05 16:02:33,051 - INFO - Index: []
2025-05-05 16:02:33,051 - INFO - Current time in IST: 2025-05-05 16:02:33
2025-05-05 16:02:33,051 - INFO - 2025-05-05 16:02:33.051268+05:30
2025-05-05 16:02:33,051 - INFO - start
2025-05-05 16:02:33,051 - INFO - 16 2
2025-05-05 16:02:35,837 - INFO - Empty DataFrame
2025-05-05 16:02:35,838 - INFO - Columns: [DATE, DAY, SLOT1 (08.00-08.10), SLOT2 (08.11-08.20), SLOT3 (08.21-08.30), SLOT4 (08.31-08.40)]
2025-05-05 16:02:35,838 - INFO - Index: []
2025-05-05 16:02:35,838 - INFO - Current time in IST: 2025-05-05 16:02:35
2025-05-05 16:02:35,838 - INFO - 2025-05-05 16:02:35.838271+05:30
2025-05-05 16:02:35,838 - INFO - start
2025-05-05 16:02:35,838 - INFO - 16 2
2025-05-05 16:02:38,692 - INFO - Empty DataFrame
2025-05-05 16:02:38,693 - INFO - Columns: [DATE, DAY, SLOT1 (08.00-08.10), SLOT2 (08.11-08.20), SLOT3 (08.21-08.30), SLOT4 (08.31-08.40)]
2025-05-05 16:02:38,693 - INFO - Index: []
2025-05-05 16:02:38,693 - INFO - Current time in IST: 2025-05-05 16:02:38
2025-05-05 16:02:38,693 - INFO - 2025-05-05 16:02:38.693549+05:30
2025-05-05 16:02:38,693 - INFO - start
2025-05-05 16:02:38,693 - INFO - 16 2
2025-05-05 16:02:41,477 - INFO - Empty DataFrame
2025-05-05 16:02:41,477 - INFO - Columns: [DATE, DAY, SLOT1 (08.00-08.10), SLOT2 (08.11-08.20), SLOT3 (08.21-08.30), SLOT4 (08.31-08.40)]
2025-05-05 16:02:41,477 - INFO - Index: []
2025-05-05 16:02:41,477 - INFO - Current time in IST: 2025-05-05 16:02:41
2025-05-05 16:02:41,477 - INFO - 2025-05-05 16:02:41.477457+05:30
2025-05-05 16:02:41,478 - INFO - start
2025-05-05 16:02:41,478 - INFO - 16 2
2025-05-05 16:02:44,404 - INFO - Empty DataFrame
2025-05-05 16:02:44,405 - INFO - Columns: [DATE, DAY, SLOT1 (08.00-08.10), SLOT2 (08.11-08.20), SLOT3 (08.21-08.30), SLOT4 (08.31-08.40)]
2025-05-05 16:02:44,405 - INFO - Index: []
2025-05-05 16:02:44,405 - INFO - Current time in IST: 2025-05-05 16:02:44
2025-05-05 16:02:44,405 - INFO - 2025-05-05 16:02:44.405479+05:30
2025-05-05 16:02:44,405 - INFO - start
2025-05-05 16:02:44,405 - INFO - 16 2
2025-05-05 16:02:47,209 - INFO - Empty DataFrame
2025-05-05 16:02:47,210 - INFO - Columns: [DATE, DAY, SLOT1 (08.00-08.10), SLOT2 (08.11-08.20), SLOT3 (08.21-08.30), SLOT4 (08.31-08.40)]
2025-05-05 16:02:47,210 - INFO - Index: []
2025-05-05 16:02:47,210 - INFO - Current time in IST: 2025-05-05 16:02:47
2025-05-05 16:02:47,210 - INFO - 2025-05-05 16:02:47.210337+05:30
2025-05-05 16:02:47,210 - INFO - start
2025-05-05 16:02:47,210 - INFO - 16 2
2025-05-05 16:02:50,163 - INFO - Empty DataFrame
2025-05-05 16:02:50,163 - INFO - Columns: [DATE, DAY, SLOT1 (08.00-08.10), SLOT2 (08.11-08.20), SLOT3 (08.21-08.30), SLOT4 (08.31-08.40)]
2025-05-05 16:02:50,163 - INFO - Index: []
2025-05-05 16:02:50,163 - INFO - Current time in IST: 2025-05-05 16:02:50
2025-05-05 16:02:50,163 - INFO - 2025-05-05 16:02:50.163041+05:30
2025-05-05 16:02:50,163 - INFO - start
2025-05-05 16:02:50,163 - INFO - 16 2
2025-05-05 16:02:52,956 - INFO - Empty DataFrame
2025-05-05 16:02:52,956 - INFO - Columns: [DATE, DAY, SLOT1 (08.00-08.10), SLOT2 (08.11-08.20), SLOT3 (08.21-08.30), SLOT4 (08.31-08.40)]
2025-05-05 16:02:52,956 - INFO - Index: []
2025-05-05 16:02:52,956 - INFO - Current time in IST: 2025-05-05 16:02:52
2025-05-05 16:02:52,956 - INFO - 2025-05-05 16:02:52.956430+05:30
2025-05-05 16:02:52,956 - INFO - start
2025-05-05 16:02:52,957 - INFO - 16 2
2025-05-05 16:02:55,738 - INFO - Empty DataFrame
2025-05-05 16:02:55,739 - INFO - Columns: [DATE, DAY, SLOT1 (08.00-08.10), SLOT2 (08.11-08.20), SLOT3 (08.21-08.30), SLOT4 (08.31-08.40)]
2025-05-05 16:02:55,739 - INFO - Index: []
2025-05-05 16:02:55,739 - INFO - Current time in IST: 2025-05-05 16:02:55
2025-05-05 16:02:55,739 - INFO - 2025-05-05 16:02:55.739698+05:30
2025-05-05 16:02:55,739 - INFO - start
2025-05-05 16:02:55,739 - INFO - 16 2
2025-05-05 16:02:57,268 - ERROR - Traceback (most recent call last):
2025-05-05 16:02:57,268 - ERROR - File "C:\Users\User\Downloads\DLPROJ\c.py", line 132, in <module>
2025-05-05 16:02:57,269 - ERROR - burp2_req = e.get(burp2_url, headers=burp2_headers)
2025-05-05 16:02:57,269 - ERROR - File "C:\Users\User\AppData\Local\Packages\PythonSoftwareFoundation.Python.3.10_qbz5n2kfra8p0\LocalCache\local-packages\Python310\site-packages\requests\sessions.py", line 602, in get
2025-05-05 16:02:57,269 - ERROR - return self.request("GET", url, **kwargs)
2025-05-05 16:02:57,269 - ERROR - File "C:\Users\User\AppData\Local\Packages\PythonSoftwareFoundation.Python.3.10_qbz5n2kfra8p0\LocalCache\local-packages\Python310\site-packages\requests\sessions.py", line 589, in request
2025-05-05 16:02:57,269 - ERROR - resp = self.send(prep, **send_kwargs)
2025-05-05 16:02:57,269 - ERROR - File "C:\Users\User\AppData\Local\Packages\PythonSoftwareFoundation.Python.3.10_qbz5n2kfra8p0\LocalCache\local-packages\Python310\site-packages\requests\sessions.py", line 703, in send
2025-05-05 16:02:57,269 - ERROR - r = adapter.send(request, **kwargs)
2025-05-05 16:02:57,269 - ERROR - File "C:\Users\User\AppData\Local\Packages\PythonSoftwareFoundation.Python.3.10_qbz5n2kfra8p0\LocalCache\local-packages\Python310\site-packages\requests\adapters.py", line 667, in send
2025-05-05 16:02:57,269 - ERROR - resp = conn.urlopen(
2025-05-05 16:02:57,269 - ERROR - File "C:\Users\User\AppData\Local\Packages\PythonSoftwareFoundation.Python.3.10_qbz5n2kfra8p0\LocalCache\local-packages\Python310\site-packages\urllib3\connectionpool.py", line 716, in urlopen
2025-05-05 16:02:57,269 - ERROR - httplib_response = self._make_request(
2025-05-05 16:02:57,269 - ERROR - File "C:\Users\User\AppData\Local\Packages\PythonSoftwareFoundation.Python.3.10_qbz5n2kfra8p0\LocalCache\local-packages\Python310\site-packages\urllib3\connectionpool.py", line 404, in _make_request
2025-05-05 16:02:57,269 - ERROR - self._validate_conn(conn)
2025-05-05 16:02:57,269 - ERROR - File "C:\Users\User\AppData\Local\Packages\PythonSoftwareFoundation.Python.3.10_qbz5n2kfra8p0\LocalCache\local-packages\Python310\site-packages\urllib3\connectionpool.py", line 1061, in _validate_conn
2025-05-05 16:02:57,269 - ERROR - conn.connect()
2025-05-05 16:02:57,269 - ERROR - File "C:\Users\User\AppData\Local\Packages\PythonSoftwareFoundation.Python.3.10_qbz5n2kfra8p0\LocalCache\local-packages\Python310\site-packages\urllib3\connection.py", line 419, in connect
2025-05-05 16:02:57,269 - ERROR - self.sock = ssl_wrap_socket(
2025-05-05 16:02:57,269 - ERROR - File "C:\Users\User\AppData\Local\Packages\PythonSoftwareFoundation.Python.3.10_qbz5n2kfra8p0\LocalCache\local-packages\Python310\site-packages\urllib3\util\ssl_.py", line 458, in ssl_wrap_socket
2025-05-05 16:02:57,269 - ERROR - ssl_sock = _ssl_wrap_socket_impl(
2025-05-05 16:02:57,269 - ERROR - File "C:\Users\User\AppData\Local\Packages\PythonSoftwareFoundation.Python.3.10_qbz5n2kfra8p0\LocalCache\local-packages\Python310\site-packages\urllib3\util\ssl_.py", line 502, in _ssl_wrap_socket_impl
2025-05-05 16:02:57,269 - ERROR - return ssl_context.wrap_socket(sock, server_hostname=server_hostname)
2025-05-05 16:02:57,269 - ERROR - File "C:\Program Files\WindowsApps\PythonSoftwareFoundation.Python.3.10_3.10.3056.0_x64__qbz5n2kfra8p0\lib\ssl.py", line 513, in wrap_socket
2025-05-05 16:02:57,269 - ERROR - return self.sslsocket_class._create(
2025-05-05 16:02:57,269 - ERROR - File "C:\Program Files\WindowsApps\PythonSoftwareFoundation.Python.3.10_3.10.3056.0_x64__qbz5n2kfra8p0\lib\ssl.py", line 1071, in _create
2025-05-05 16:02:57,269 - ERROR - self.do_handshake()
2025-05-05 16:02:57,270 - ERROR - File "C:\Program Files\WindowsApps\PythonSoftwareFoundation.Python.3.10_3.10.3056.0_x64__qbz5n2kfra8p0\lib\ssl.py", line 1342, in do_handshake
2025-05-05 16:02:57,270 - ERROR - self._sslobj.do_handshake()
2025-05-05 16:02:57,270 - ERROR - KeyboardInterrupt
2025-05-05 16:02:57,280 - INFO - Task ID 7 status updated to Failed
