2025-05-01 15:48:42,902 - INFO - Starting task ID 8 for application 1176978325
2025-05-01 15:48:50,144 - INFO - 1176978325 24-03-2007 LMV,MCWG 10-11-2025   TRUE 1
2025-05-01 15:48:50,145 - INFO - 
2025-05-01 15:48:50,145 - INFO - Time reached: Starting the code...
2025-05-01 15:48:50,145 - INFO - 
2025-05-01 15:48:50,150 - INFO - 
2025-05-01 15:48:50,150 - INFO - Selected Proxy: {}
2025-05-01 15:48:50,150 - INFO - {}
2025-05-01 15:48:50,150 - INFO - start
2025-05-01 15:48:50,787 - INFO - making request to createTask
2025-05-01 15:48:51,682 - INFO - created task with id 932387445
2025-05-01 15:48:52,697 - INFO - making request to getTaskResult
2025-05-01 15:48:57,986 - INFO - task is still processing
2025-05-01 15:48:59,000 - INFO - making request to getTaskResult
2025-05-01 15:48:59,296 - INFO - task solved
2025-05-01 15:48:59,296 - INFO - captcha text KRSNfu
2025-05-01 15:48:59,296 - INFO - KRSNfu
2025-05-01 15:49:00,204 - INFO - Captcha success
2025-05-01 15:49:12,857 - INFO - 
2025-05-01 15:49:12,857 - INFO - Slots are released up to 29-07-2025 only.
2025-05-01 15:49:12,858 - INFO - 
2025-05-01 15:49:30,840 - INFO - 
2025-05-01 15:49:30,840 - INFO - Slots are released up to 29-07-2025 only.
2025-05-01 15:49:30,841 - INFO - 
2025-05-01 15:49:43,638 - INFO - 
2025-05-01 15:49:43,638 - INFO - Slots are released up to 29-07-2025 only.
2025-05-01 15:49:43,638 - INFO - 
2025-05-01 15:49:59,511 - INFO - 
2025-05-01 15:49:59,511 - INFO - Slots are released up to 29-07-2025 only.
2025-05-01 15:49:59,511 - INFO - 
2025-05-01 15:50:10,518 - INFO - 
2025-05-01 15:50:10,519 - INFO - Slots are released up to 29-07-2025 only.
2025-05-01 15:50:10,519 - INFO - 
2025-05-01 15:50:21,344 - INFO - 
2025-05-01 15:50:21,344 - INFO - Slots are released up to 29-07-2025 only.
2025-05-01 15:50:21,344 - INFO - 
2025-05-01 15:50:33,209 - INFO - 
2025-05-01 15:50:33,209 - INFO - Slots are released up to 29-07-2025 only.
2025-05-01 15:50:33,210 - INFO - 
2025-05-01 15:50:46,922 - INFO - 
2025-05-01 15:50:46,922 - INFO - Slots are released up to 29-07-2025 only.
2025-05-01 15:50:46,922 - INFO - 
2025-05-01 15:51:03,709 - INFO - 
2025-05-01 15:51:03,709 - INFO - Slots are released up to 29-07-2025 only.
2025-05-01 15:51:03,710 - INFO - 
2025-05-01 15:51:18,784 - INFO - 
2025-05-01 15:51:18,784 - INFO - Slots are released up to 29-07-2025 only.
2025-05-01 15:51:18,784 - INFO - 
2025-05-01 15:51:25,922 - INFO - Task ID 8 status updated to Failed
