2025-05-05 16:04:46,465 - INFO - Starting task ID 8 for application 547656925
2025-05-05 16:04:50,699 - INFO - APPLNO: 547656925, DOB: 23-11-1996, TYPE: MCWGLMV
2025-05-05 16:04:50,699 - INFO - MINDATE: 30-06-2025, MAXDATE: 01-06-2025
2025-05-05 16:04:50,699 - INFO - Generated 30 dates:
2025-05-05 16:04:50,699 - INFO - ['01-06-2025', '02-06-2025', '03-06-2025', '04-06-2025', '05-06-2025', '06-06-2025', '07-06-2025', '08-06-2025', '09-06-2025', '10-06-2025', '11-06-2025', '12-06-2025', '13-06-2025', '14-06-2025', '15-06-2025', '16-06-2025', '17-06-2025', '18-06-2025', '19-06-2025', '20-06-2025', '21-06-2025', '22-06-2025', '23-06-2025', '24-06-2025', '25-06-2025', '26-06-2025', '27-06-2025', '28-06-2025', '29-06-2025', '30-06-2025']
2025-05-05 16:04:50,700 - INFO - Current time in IST: 2025-05-05 16:04:50
2025-05-05 16:04:50,700 - INFO - 2025-05-05 16:04:50.699291+05:30
2025-05-05 16:04:50,700 - INFO - start
2025-05-05 16:04:50,700 - INFO - 16 4
2025-05-05 16:04:54,733 - INFO - Empty DataFrame
2025-05-05 16:04:54,733 - INFO - Columns: [DATE, DAY, SLOT1 (08.00-08.10), SLOT2 (08.11-08.20), SLOT3 (08.21-08.30), SLOT4 (08.31-08.40)]
2025-05-05 16:04:54,733 - INFO - Index: []
2025-05-05 16:04:54,733 - INFO - Current time in IST: 2025-05-05 16:04:54
2025-05-05 16:04:54,733 - INFO - 2025-05-05 16:04:54.733757+05:30
2025-05-05 16:04:54,733 - INFO - start
2025-05-05 16:04:54,733 - INFO - 16 4
2025-05-05 16:04:59,781 - INFO - Empty DataFrame
2025-05-05 16:04:59,781 - INFO - Columns: [DATE, DAY, SLOT1 (08.00-08.10), SLOT2 (08.11-08.20), SLOT3 (08.21-08.30), SLOT4 (08.31-08.40)]
2025-05-05 16:04:59,781 - INFO - Index: []
2025-05-05 16:04:59,781 - INFO - Current time in IST: 2025-05-05 16:04:59
2025-05-05 16:04:59,781 - INFO - 2025-05-05 16:04:59.781016+05:30
2025-05-05 16:04:59,782 - INFO - start
2025-05-05 16:04:59,782 - INFO - 16 4
2025-05-05 16:05:02,637 - INFO - Empty DataFrame
2025-05-05 16:05:02,637 - INFO - Columns: [DATE, DAY, SLOT1 (08.00-08.10), SLOT2 (08.11-08.20), SLOT3 (08.21-08.30), SLOT4 (08.31-08.40)]
2025-05-05 16:05:02,637 - INFO - Index: []
2025-05-05 16:05:02,637 - INFO - Current time in IST: 2025-05-05 16:05:02
2025-05-05 16:05:02,637 - INFO - 2025-05-05 16:05:02.637011+05:30
2025-05-05 16:05:02,637 - INFO - start
2025-05-05 16:05:02,637 - INFO - 16 5
2025-05-05 16:05:05,955 - INFO - Empty DataFrame
2025-05-05 16:05:05,955 - INFO - Columns: [DATE, DAY, SLOT1 (08.00-08.10), SLOT2 (08.11-08.20), SLOT3 (08.21-08.30), SLOT4 (08.31-08.40)]
2025-05-05 16:05:05,955 - INFO - Index: []
2025-05-05 16:05:05,955 - INFO - Current time in IST: 2025-05-05 16:05:05
2025-05-05 16:05:05,955 - INFO - 2025-05-05 16:05:05.955937+05:30
2025-05-05 16:05:05,955 - INFO - start
2025-05-05 16:05:05,955 - INFO - 16 5
2025-05-05 16:05:09,054 - INFO - Empty DataFrame
2025-05-05 16:05:09,054 - INFO - Columns: [DATE, DAY, SLOT1 (08.00-08.10), SLOT2 (08.11-08.20), SLOT3 (08.21-08.30), SLOT4 (08.31-08.40)]
2025-05-05 16:05:09,054 - INFO - Index: []
2025-05-05 16:05:09,054 - INFO - Current time in IST: 2025-05-05 16:05:09
2025-05-05 16:05:09,054 - INFO - 2025-05-05 16:05:09.054056+05:30
2025-05-05 16:05:09,054 - INFO - start
2025-05-05 16:05:09,054 - INFO - 16 5
2025-05-05 16:05:12,014 - INFO - Empty DataFrame
2025-05-05 16:05:12,014 - INFO - Columns: [DATE, DAY, SLOT1 (08.00-08.10), SLOT2 (08.11-08.20), SLOT3 (08.21-08.30), SLOT4 (08.31-08.40)]
2025-05-05 16:05:12,014 - INFO - Index: []
2025-05-05 16:05:12,014 - INFO - Current time in IST: 2025-05-05 16:05:12
2025-05-05 16:05:12,014 - INFO - 2025-05-05 16:05:12.014422+05:30
2025-05-05 16:05:12,014 - INFO - start
2025-05-05 16:05:12,014 - INFO - 16 5
2025-05-05 16:05:14,891 - INFO - Empty DataFrame
2025-05-05 16:05:14,891 - INFO - Columns: [DATE, DAY, SLOT1 (08.00-08.10), SLOT2 (08.11-08.20), SLOT3 (08.21-08.30), SLOT4 (08.31-08.40)]
2025-05-05 16:05:14,891 - INFO - Index: []
2025-05-05 16:05:14,891 - INFO - Current time in IST: 2025-05-05 16:05:14
2025-05-05 16:05:14,891 - INFO - 2025-05-05 16:05:14.891417+05:30
2025-05-05 16:05:14,891 - INFO - start
2025-05-05 16:05:14,891 - INFO - 16 5
2025-05-05 16:05:18,287 - INFO - Empty DataFrame
2025-05-05 16:05:18,287 - INFO - Columns: [DATE, DAY, SLOT1 (08.00-08.10), SLOT2 (08.11-08.20), SLOT3 (08.21-08.30), SLOT4 (08.31-08.40)]
2025-05-05 16:05:18,287 - INFO - Index: []
2025-05-05 16:05:18,287 - INFO - Current time in IST: 2025-05-05 16:05:18
2025-05-05 16:05:18,288 - INFO - 2025-05-05 16:05:18.287287+05:30
2025-05-05 16:05:18,288 - INFO - start
2025-05-05 16:05:18,288 - INFO - 16 5
2025-05-05 16:05:21,737 - INFO - Empty DataFrame
2025-05-05 16:05:21,737 - INFO - Columns: [DATE, DAY, SLOT1 (08.00-08.10), SLOT2 (08.11-08.20), SLOT3 (08.21-08.30), SLOT4 (08.31-08.40)]
2025-05-05 16:05:21,737 - INFO - Index: []
2025-05-05 16:05:21,737 - INFO - Current time in IST: 2025-05-05 16:05:21
2025-05-05 16:05:21,737 - INFO - 2025-05-05 16:05:21.737286+05:30
2025-05-05 16:05:21,737 - INFO - start
2025-05-05 16:05:21,737 - INFO - 16 5
2025-05-05 16:05:25,790 - INFO - Empty DataFrame
2025-05-05 16:05:25,790 - INFO - Columns: [DATE, DAY, SLOT1 (08.00-08.10), SLOT2 (08.11-08.20), SLOT3 (08.21-08.30), SLOT4 (08.31-08.40)]
2025-05-05 16:05:25,791 - INFO - Index: []
2025-05-05 16:05:25,791 - INFO - Current time in IST: 2025-05-05 16:05:25
2025-05-05 16:05:25,791 - INFO - 2025-05-05 16:05:25.790802+05:30
2025-05-05 16:05:25,791 - INFO - start
2025-05-05 16:05:25,791 - INFO - 16 5
2025-05-05 16:05:28,666 - INFO - Empty DataFrame
2025-05-05 16:05:28,666 - INFO - Columns: [DATE, DAY, SLOT1 (08.00-08.10), SLOT2 (08.11-08.20), SLOT3 (08.21-08.30), SLOT4 (08.31-08.40)]
2025-05-05 16:05:28,666 - INFO - Index: []
2025-05-05 16:05:28,667 - INFO - Current time in IST: 2025-05-05 16:05:28
2025-05-05 16:05:28,667 - INFO - 2025-05-05 16:05:28.666804+05:30
2025-05-05 16:05:28,667 - INFO - start
2025-05-05 16:05:28,667 - INFO - 16 5
2025-05-05 16:05:31,577 - INFO - Empty DataFrame
2025-05-05 16:05:31,577 - INFO - Columns: [DATE, DAY, SLOT1 (08.00-08.10), SLOT2 (08.11-08.20), SLOT3 (08.21-08.30), SLOT4 (08.31-08.40)]
2025-05-05 16:05:31,577 - INFO - Index: []
2025-05-05 16:05:31,578 - INFO - Current time in IST: 2025-05-05 16:05:31
2025-05-05 16:05:31,578 - INFO - 2025-05-05 16:05:31.577804+05:30
2025-05-05 16:05:31,578 - INFO - start
2025-05-05 16:05:31,578 - INFO - 16 5
2025-05-05 16:05:34,792 - INFO - Empty DataFrame
2025-05-05 16:05:34,792 - INFO - Columns: [DATE, DAY, SLOT1 (08.00-08.10), SLOT2 (08.11-08.20), SLOT3 (08.21-08.30), SLOT4 (08.31-08.40)]
2025-05-05 16:05:34,792 - INFO - Index: []
2025-05-05 16:05:34,792 - INFO - Current time in IST: 2025-05-05 16:05:34
2025-05-05 16:05:34,793 - INFO - 2025-05-05 16:05:34.792806+05:30
2025-05-05 16:05:34,793 - INFO - start
2025-05-05 16:05:34,793 - INFO - 16 5
2025-05-05 16:05:37,590 - INFO - Empty DataFrame
2025-05-05 16:05:37,590 - INFO - Columns: [DATE, DAY, SLOT1 (08.00-08.10), SLOT2 (08.11-08.20), SLOT3 (08.21-08.30), SLOT4 (08.31-08.40)]
2025-05-05 16:05:37,590 - INFO - Index: []
2025-05-05 16:05:37,591 - INFO - Current time in IST: 2025-05-05 16:05:37
2025-05-05 16:05:37,591 - INFO - 2025-05-05 16:05:37.590403+05:30
2025-05-05 16:05:37,591 - INFO - start
2025-05-05 16:05:37,591 - INFO - 16 5
2025-05-05 16:05:40,440 - INFO - Empty DataFrame
2025-05-05 16:05:40,440 - INFO - Columns: [DATE, DAY, SLOT1 (08.00-08.10), SLOT2 (08.11-08.20), SLOT3 (08.21-08.30), SLOT4 (08.31-08.40)]
2025-05-05 16:05:40,440 - INFO - Index: []
2025-05-05 16:05:40,440 - INFO - Current time in IST: 2025-05-05 16:05:40
2025-05-05 16:05:40,440 - INFO - 2025-05-05 16:05:40.440962+05:30
2025-05-05 16:05:40,440 - INFO - start
2025-05-05 16:05:40,440 - INFO - 16 5
2025-05-05 16:05:43,372 - INFO - Empty DataFrame
2025-05-05 16:05:43,373 - INFO - Columns: [DATE, DAY, SLOT1 (08.00-08.10), SLOT2 (08.11-08.20), SLOT3 (08.21-08.30), SLOT4 (08.31-08.40)]
2025-05-05 16:05:43,373 - INFO - Index: []
2025-05-05 16:05:43,373 - INFO - Current time in IST: 2025-05-05 16:05:43
2025-05-05 16:05:43,373 - INFO - 2025-05-05 16:05:43.373865+05:30
2025-05-05 16:05:43,373 - INFO - start
2025-05-05 16:05:43,373 - INFO - 16 5
2025-05-05 16:05:46,288 - INFO - Empty DataFrame
2025-05-05 16:05:46,288 - INFO - Columns: [DATE, DAY, SLOT1 (08.00-08.10), SLOT2 (08.11-08.20), SLOT3 (08.21-08.30), SLOT4 (08.31-08.40)]
2025-05-05 16:05:46,288 - INFO - Index: []
2025-05-05 16:05:46,288 - INFO - Current time in IST: 2025-05-05 16:05:46
2025-05-05 16:05:46,289 - INFO - 2025-05-05 16:05:46.288859+05:30
2025-05-05 16:05:46,289 - INFO - start
2025-05-05 16:05:46,289 - INFO - 16 5
2025-05-05 16:05:49,442 - INFO - Empty DataFrame
2025-05-05 16:05:49,442 - INFO - Columns: [DATE, DAY, SLOT1 (08.00-08.10), SLOT2 (08.11-08.20), SLOT3 (08.21-08.30), SLOT4 (08.31-08.40)]
2025-05-05 16:05:49,442 - INFO - Index: []
2025-05-05 16:05:49,442 - INFO - Current time in IST: 2025-05-05 16:05:49
2025-05-05 16:05:49,443 - INFO - 2025-05-05 16:05:49.442300+05:30
2025-05-05 16:05:49,443 - INFO - start
2025-05-05 16:05:49,443 - INFO - 16 5
2025-05-05 16:05:52,082 - INFO - Empty DataFrame
2025-05-05 16:05:52,082 - INFO - Columns: [DATE, DAY, SLOT1 (08.00-08.10), SLOT2 (08.11-08.20), SLOT3 (08.21-08.30), SLOT4 (08.31-08.40)]
2025-05-05 16:05:52,082 - INFO - Index: []
2025-05-05 16:05:52,082 - INFO - Current time in IST: 2025-05-05 16:05:52
2025-05-05 16:05:52,082 - INFO - 2025-05-05 16:05:52.082120+05:30
2025-05-05 16:05:52,082 - INFO - start
2025-05-05 16:05:52,082 - INFO - 16 5
2025-05-05 16:05:55,184 - INFO - Empty DataFrame
2025-05-05 16:05:55,184 - INFO - Columns: [DATE, DAY, SLOT1 (08.00-08.10), SLOT2 (08.11-08.20), SLOT3 (08.21-08.30), SLOT4 (08.31-08.40)]
2025-05-05 16:05:55,185 - INFO - Index: []
2025-05-05 16:05:55,185 - INFO - Current time in IST: 2025-05-05 16:05:55
2025-05-05 16:05:55,185 - INFO - 2025-05-05 16:05:55.184080+05:30
2025-05-05 16:05:55,185 - INFO - start
2025-05-05 16:05:55,185 - INFO - 16 5
2025-05-05 16:05:58,423 - INFO - Empty DataFrame
2025-05-05 16:05:58,423 - INFO - Columns: [DATE, DAY, SLOT1 (08.00-08.10), SLOT2 (08.11-08.20), SLOT3 (08.21-08.30), SLOT4 (08.31-08.40)]
2025-05-05 16:05:58,424 - INFO - Index: []
2025-05-05 16:05:58,424 - INFO - Current time in IST: 2025-05-05 16:05:58
2025-05-05 16:05:58,424 - INFO - 2025-05-05 16:05:58.423082+05:30
2025-05-05 16:05:58,424 - INFO - start
2025-05-05 16:05:58,424 - INFO - 16 5
2025-05-05 16:06:01,105 - INFO - Empty DataFrame
2025-05-05 16:06:01,105 - INFO - Columns: [DATE, DAY, SLOT1 (08.00-08.10), SLOT2 (08.11-08.20), SLOT3 (08.21-08.30), SLOT4 (08.31-08.40)]
2025-05-05 16:06:01,105 - INFO - Index: []
2025-05-05 16:06:01,105 - INFO - Current time in IST: 2025-05-05 16:06:01
2025-05-05 16:06:01,105 - INFO - 2025-05-05 16:06:01.105961+05:30
2025-05-05 16:06:01,105 - INFO - start
2025-05-05 16:06:01,105 - INFO - 16 6
2025-05-05 16:06:04,152 - INFO - Empty DataFrame
2025-05-05 16:06:04,152 - INFO - Columns: [DATE, DAY, SLOT1 (08.00-08.10), SLOT2 (08.11-08.20), SLOT3 (08.21-08.30), SLOT4 (08.31-08.40)]
2025-05-05 16:06:04,152 - INFO - Index: []
2025-05-05 16:06:04,152 - INFO - Current time in IST: 2025-05-05 16:06:04
2025-05-05 16:06:04,152 - INFO - 2025-05-05 16:06:04.152736+05:30
2025-05-05 16:06:04,153 - INFO - start
2025-05-05 16:06:04,153 - INFO - 16 6
2025-05-05 16:06:07,006 - INFO - Empty DataFrame
2025-05-05 16:06:07,006 - INFO - Columns: [DATE, DAY, SLOT1 (08.00-08.10), SLOT2 (08.11-08.20), SLOT3 (08.21-08.30), SLOT4 (08.31-08.40)]
2025-05-05 16:06:07,006 - INFO - Index: []
2025-05-05 16:06:07,006 - INFO - Current time in IST: 2025-05-05 16:06:07
2025-05-05 16:06:07,006 - INFO - 2025-05-05 16:06:07.006616+05:30
2025-05-05 16:06:07,006 - INFO - start
2025-05-05 16:06:07,006 - INFO - 16 6
2025-05-05 16:06:09,933 - INFO - Empty DataFrame
2025-05-05 16:06:09,933 - INFO - Columns: [DATE, DAY, SLOT1 (08.00-08.10), SLOT2 (08.11-08.20), SLOT3 (08.21-08.30), SLOT4 (08.31-08.40)]
2025-05-05 16:06:09,933 - INFO - Index: []
2025-05-05 16:06:09,934 - INFO - Current time in IST: 2025-05-05 16:06:09
2025-05-05 16:06:09,934 - INFO - 2025-05-05 16:06:09.933625+05:30
2025-05-05 16:06:09,934 - INFO - start
2025-05-05 16:06:09,934 - INFO - 16 6
2025-05-05 16:06:12,667 - INFO - Empty DataFrame
2025-05-05 16:06:12,667 - INFO - Columns: [DATE, DAY, SLOT1 (08.00-08.10), SLOT2 (08.11-08.20), SLOT3 (08.21-08.30), SLOT4 (08.31-08.40)]
2025-05-05 16:06:12,667 - INFO - Index: []
2025-05-05 16:06:12,667 - INFO - Current time in IST: 2025-05-05 16:06:12
2025-05-05 16:06:12,667 - INFO - 2025-05-05 16:06:12.667624+05:30
2025-05-05 16:06:12,667 - INFO - start
2025-05-05 16:06:12,667 - INFO - 16 6
2025-05-05 16:06:17,052 - INFO - Empty DataFrame
2025-05-05 16:06:17,052 - INFO - Columns: [DATE, DAY, SLOT1 (08.00-08.10), SLOT2 (08.11-08.20), SLOT3 (08.21-08.30), SLOT4 (08.31-08.40)]
2025-05-05 16:06:17,052 - INFO - Index: []
2025-05-05 16:06:17,052 - INFO - Current time in IST: 2025-05-05 16:06:17
2025-05-05 16:06:17,052 - INFO - 2025-05-05 16:06:17.052302+05:30
2025-05-05 16:06:17,052 - INFO - start
2025-05-05 16:06:17,052 - INFO - 16 6
2025-05-05 16:06:19,695 - INFO - Empty DataFrame
2025-05-05 16:06:19,695 - INFO - Columns: [DATE, DAY, SLOT1 (08.00-08.10), SLOT2 (08.11-08.20), SLOT3 (08.21-08.30), SLOT4 (08.31-08.40)]
2025-05-05 16:06:19,695 - INFO - Index: []
2025-05-05 16:06:19,695 - INFO - Current time in IST: 2025-05-05 16:06:19
2025-05-05 16:06:19,695 - INFO - 2025-05-05 16:06:19.695924+05:30
2025-05-05 16:06:19,695 - INFO - start
2025-05-05 16:06:19,695 - INFO - 16 6
2025-05-05 16:06:23,223 - INFO - Empty DataFrame
2025-05-05 16:06:23,223 - INFO - Columns: [DATE, DAY, SLOT1 (08.00-08.10), SLOT2 (08.11-08.20), SLOT3 (08.21-08.30), SLOT4 (08.31-08.40)]
2025-05-05 16:06:23,223 - INFO - Index: []
2025-05-05 16:06:23,223 - INFO - Current time in IST: 2025-05-05 16:06:23
2025-05-05 16:06:23,223 - INFO - 2025-05-05 16:06:23.223669+05:30
2025-05-05 16:06:23,223 - INFO - start
2025-05-05 16:06:23,223 - INFO - 16 6
2025-05-05 16:06:25,882 - INFO - Empty DataFrame
2025-05-05 16:06:25,882 - INFO - Columns: [DATE, DAY, SLOT1 (08.00-08.10), SLOT2 (08.11-08.20), SLOT3 (08.21-08.30), SLOT4 (08.31-08.40)]
2025-05-05 16:06:25,882 - INFO - Index: []
2025-05-05 16:06:25,882 - INFO - Current time in IST: 2025-05-05 16:06:25
2025-05-05 16:06:25,882 - INFO - 2025-05-05 16:06:25.882210+05:30
2025-05-05 16:06:25,882 - INFO - start
2025-05-05 16:06:25,882 - INFO - 16 6
2025-05-05 16:06:28,662 - INFO - Empty DataFrame
2025-05-05 16:06:28,662 - INFO - Columns: [DATE, DAY, SLOT1 (08.00-08.10), SLOT2 (08.11-08.20), SLOT3 (08.21-08.30), SLOT4 (08.31-08.40)]
2025-05-05 16:06:28,662 - INFO - Index: []
2025-05-05 16:06:28,662 - INFO - Current time in IST: 2025-05-05 16:06:28
2025-05-05 16:06:28,662 - INFO - 2025-05-05 16:06:28.662792+05:30
2025-05-05 16:06:28,662 - INFO - start
2025-05-05 16:06:28,662 - INFO - 16 6
2025-05-05 16:06:31,442 - INFO - Empty DataFrame
2025-05-05 16:06:31,442 - INFO - Columns: [DATE, DAY, SLOT1 (08.00-08.10), SLOT2 (08.11-08.20), SLOT3 (08.21-08.30), SLOT4 (08.31-08.40)]
2025-05-05 16:06:31,444 - INFO - Index: []
2025-05-05 16:06:31,444 - INFO - Current time in IST: 2025-05-05 16:06:31
2025-05-05 16:06:31,444 - INFO - 2025-05-05 16:06:31.442999+05:30
2025-05-05 16:06:31,444 - INFO - start
2025-05-05 16:06:31,444 - INFO - 16 6
2025-05-05 16:06:34,483 - ERROR - Traceback (most recent call last):
2025-05-05 16:06:34,483 - ERROR - File "C:\Users\User\Downloads\DLPROJ\c.py", line 142, in <module>
2025-05-05 16:06:34,483 - ERROR - REQ = e.get(burp4_url, headers=burp4_headers)
2025-05-05 16:06:34,483 - ERROR - File "C:\Users\User\AppData\Local\Packages\PythonSoftwareFoundation.Python.3.10_qbz5n2kfra8p0\LocalCache\local-packages\Python310\site-packages\requests\sessions.py", line 602, in get
2025-05-05 16:06:34,483 - ERROR - return self.request("GET", url, **kwargs)
2025-05-05 16:06:34,483 - ERROR - File "C:\Users\User\AppData\Local\Packages\PythonSoftwareFoundation.Python.3.10_qbz5n2kfra8p0\LocalCache\local-packages\Python310\site-packages\requests\sessions.py", line 589, in request
2025-05-05 16:06:34,484 - ERROR - resp = self.send(prep, **send_kwargs)
2025-05-05 16:06:34,484 - ERROR - File "C:\Users\User\AppData\Local\Packages\PythonSoftwareFoundation.Python.3.10_qbz5n2kfra8p0\LocalCache\local-packages\Python310\site-packages\requests\sessions.py", line 703, in send
2025-05-05 16:06:34,484 - ERROR - r = adapter.send(request, **kwargs)
2025-05-05 16:06:34,484 - ERROR - File "C:\Users\User\AppData\Local\Packages\PythonSoftwareFoundation.Python.3.10_qbz5n2kfra8p0\LocalCache\local-packages\Python310\site-packages\requests\adapters.py", line 667, in send
2025-05-05 16:06:34,484 - ERROR - resp = conn.urlopen(
2025-05-05 16:06:34,484 - ERROR - File "C:\Users\User\AppData\Local\Packages\PythonSoftwareFoundation.Python.3.10_qbz5n2kfra8p0\LocalCache\local-packages\Python310\site-packages\urllib3\connectionpool.py", line 716, in urlopen
2025-05-05 16:06:34,484 - ERROR - httplib_response = self._make_request(
2025-05-05 16:06:34,484 - ERROR - File "C:\Users\User\AppData\Local\Packages\PythonSoftwareFoundation.Python.3.10_qbz5n2kfra8p0\LocalCache\local-packages\Python310\site-packages\urllib3\connectionpool.py", line 468, in _make_request
2025-05-05 16:06:34,484 - ERROR - six.raise_from(e, None)
2025-05-05 16:06:34,484 - ERROR - File "<string>", line 3, in raise_from
2025-05-05 16:06:34,484 - ERROR - File "C:\Users\User\AppData\Local\Packages\PythonSoftwareFoundation.Python.3.10_qbz5n2kfra8p0\LocalCache\local-packages\Python310\site-packages\urllib3\connectionpool.py", line 463, in _make_request
2025-05-05 16:06:34,484 - ERROR - httplib_response = conn.getresponse()
2025-05-05 16:06:34,484 - ERROR - File "C:\Program Files\WindowsApps\PythonSoftwareFoundation.Python.3.10_3.10.3056.0_x64__qbz5n2kfra8p0\lib\http\client.py", line 1375, in getresponse
2025-05-05 16:06:34,484 - ERROR - response.begin()
2025-05-05 16:06:34,484 - ERROR - File "C:\Program Files\WindowsApps\PythonSoftwareFoundation.Python.3.10_3.10.3056.0_x64__qbz5n2kfra8p0\lib\http\client.py", line 318, in begin
2025-05-05 16:06:34,484 - ERROR - version, status, reason = self._read_status()
2025-05-05 16:06:34,484 - ERROR - File "C:\Program Files\WindowsApps\PythonSoftwareFoundation.Python.3.10_3.10.3056.0_x64__qbz5n2kfra8p0\lib\http\client.py", line 279, in _read_status
2025-05-05 16:06:34,484 - ERROR - line = str(self.fp.readline(_MAXLINE + 1), "iso-8859-1")
2025-05-05 16:06:34,485 - ERROR - File "C:\Program Files\WindowsApps\PythonSoftwareFoundation.Python.3.10_3.10.3056.0_x64__qbz5n2kfra8p0\lib\socket.py", line 705, in readinto
2025-05-05 16:06:34,485 - ERROR - return self._sock.recv_into(b)
2025-05-05 16:06:34,485 - ERROR - File "C:\Program Files\WindowsApps\PythonSoftwareFoundation.Python.3.10_3.10.3056.0_x64__qbz5n2kfra8p0\lib\ssl.py", line 1274, in recv_into
2025-05-05 16:06:34,485 - ERROR - return self.read(nbytes, buffer)
2025-05-05 16:06:34,485 - ERROR - File "C:\Program Files\WindowsApps\PythonSoftwareFoundation.Python.3.10_3.10.3056.0_x64__qbz5n2kfra8p0\lib\ssl.py", line 1130, in read
2025-05-05 16:06:34,485 - ERROR - return self._sslobj.read(len, buffer)
2025-05-05 16:06:34,485 - ERROR - KeyboardInterrupt
2025-05-05 16:06:34,503 - INFO - Task ID 8 status updated to Failed
