2025-05-01 16:16:57,023 - INFO - Starting task ID 9 for application 2558046924
2025-05-01 16:17:07,043 - INFO - 2558046924 29-06-2006 MCWG,LMV 10-12-2005 SAM NO TRUE 1
2025-05-01 16:17:07,043 - INFO - 
2025-05-01 16:17:07,044 - INFO - Time reached: Starting the code...
2025-05-01 16:17:07,044 - INFO - 
2025-05-01 16:17:07,049 - INFO - 
2025-05-01 16:17:07,050 - INFO - Selected Proxy: {}
2025-05-01 16:17:07,051 - INFO - {}
2025-05-01 16:17:07,051 - INFO - start
2025-05-01 16:17:07,710 - INFO - making request to createTask
2025-05-01 16:17:08,535 - INFO - created task with id 810766009
2025-05-01 16:17:09,538 - INFO - making request to getTaskResult
2025-05-01 16:17:14,815 - INFO - task is still processing
2025-05-01 16:17:15,827 - INFO - making request to getTaskResult
2025-05-01 16:17:16,109 - INFO - task solved
2025-05-01 16:17:16,109 - INFO - captcha text 9P2W6D
2025-05-01 16:17:16,109 - INFO - 9P2W6D
2025-05-01 16:17:16,917 - INFO - Captcha success
2025-05-01 16:17:31,574 - INFO - 
2025-05-01 16:17:31,574 - INFO - Selected Date is Past Date.
2025-05-01 16:17:31,574 - INFO - 
2025-05-01 16:17:31,574 - INFO - 
2025-05-01 16:17:31,574 - INFO - Session is Expired
2025-05-01 16:17:31,574 - INFO - 
2025-05-01 16:17:43,211 - INFO - 
2025-05-01 16:17:43,211 - INFO - Selected Date is Past Date.
2025-05-01 16:17:43,211 - INFO - 
2025-05-01 16:17:43,211 - INFO - 
2025-05-01 16:17:43,211 - INFO - Session is Expired
2025-05-01 16:17:43,212 - INFO - 
2025-05-01 16:17:54,873 - INFO - 
2025-05-01 16:17:54,873 - INFO - Selected Date is Past Date.
2025-05-01 16:17:54,873 - INFO - 
2025-05-01 16:17:54,874 - INFO - 
2025-05-01 16:17:54,874 - INFO - Session is Expired
2025-05-01 16:17:54,874 - INFO - 
2025-05-01 16:18:09,602 - INFO - Task ID 9 status updated to Failed
